[06:59:30] [main/INFO]: Setting user: Player719
[06:59:31] [Client thread/INFO]: LWJGL Version: 2.9.1
[06:59:38] [Client thread/INFO]: Reloading ResourceManager: Default, FMLFileResourcePack:Forge Mod Loader, FMLFileResourcePack:Minecraft Forge, FMLFileResourcePack:WITT - What Is That Thing
[06:59:38] [Sound Library Loader/INFO]: Sound engine started
[06:59:39] [Client thread/INFO]: Created: 16x16 textures/blocks-atlas
[06:59:39] [Client thread/INFO]: Created: 16x16 textures/items-atlas
[06:59:39] [Client thread/INFO]: Reloading ResourceManager: Default, FMLFileResourcePack:Forge Mod Loader, FMLFileResourcePack:Minecraft Forge, FMLFileResourcePack:WITT - What Is That Thing
[06:59:39] [Client thread/INFO]: Created: 512x256 textures/blocks-atlas
[06:59:39] [Client thread/INFO]: Created: 256x256 textures/items-atlas
[06:59:40] [Sound Library Loader/INFO]: Sound engine started
[06:59:46] [Client thread/INFO]: Deleting level New World
[06:59:46] [Client thread/INFO]: Attempt 1...
[06:59:48] [Server thread/INFO]: Starting integrated minecraft server version 1.7.10
[06:59:48] [Server thread/INFO]: Generating keypair
[06:59:48] [Server thread/INFO]: Converting map!
[06:59:48] [Server thread/INFO]: Scanning folders...
[06:59:48] [Server thread/INFO]: Total conversion count is 0
[06:59:48] [Server thread/INFO]: Preparing start region for level 0
[06:59:49] [Server thread/INFO]: Preparing spawn area: 15%
[06:59:50] [Server thread/INFO]: Preparing spawn area: 44%
[06:59:51] [Server thread/INFO]: Preparing spawn area: 71%
[06:59:52] [Server thread/INFO]: Preparing spawn area: 88%
[06:59:53] [Server thread/INFO]: Changing view distance to 12, from 10
[06:59:53] [Server thread/INFO]: Player719[local:E:e7b2ae03] logged in with entity id 304 at (178.5, 69.0, 145.5)
[06:59:53] [Server thread/INFO]: Player719 joined the game
[06:59:55] [Server thread/INFO]: Saving and pausing game...
[06:59:55] [Server thread/INFO]: Saving chunks for level 'New World'/Overworld
[06:59:56] [Server thread/INFO]: Saving chunks for level 'New World'/Nether
[06:59:56] [Server thread/INFO]: Saving chunks for level 'New World'/The End
[06:59:56] [Server thread/WARN]: Can't keep up! Did the system time change, or is the server overloaded? Running 2419ms behind, skipping 48 tick(s)
[07:00:06] [Server thread/INFO]: Saving and pausing game...
[07:00:06] [Server thread/INFO]: Saving chunks for level 'New World'/Overworld
[07:00:07] [Server thread/INFO]: Saving chunks for level 'New World'/Nether
[07:00:07] [Server thread/INFO]: Saving chunks for level 'New World'/The End
[07:00:52] [Client thread/INFO]: Warning: Clientside chunk ticking took 120 ms
[07:00:55] [Server thread/INFO]: Player719 has just earned the achievement [Taking Inventory]
[07:00:55] [Client thread/INFO]: [CHAT] Player719 has just earned the achievement [Taking Inventory]
[07:01:06] [Server thread/INFO]: Saving and pausing game...
[07:01:06] [Server thread/INFO]: Saving chunks for level 'New World'/Overworld
[07:01:06] [Server thread/INFO]: Saving chunks for level 'New World'/Nether
[07:01:06] [Server thread/INFO]: Saving chunks for level 'New World'/The End
[07:01:07] [Server thread/INFO]: Stopping server
[07:01:07] [Server thread/INFO]: Saving players
[07:01:07] [Server thread/INFO]: Saving worlds
[07:01:07] [Server thread/INFO]: Saving chunks for level 'New World'/Overworld
[07:01:07] [Server thread/INFO]: Saving chunks for level 'New World'/Nether
[07:01:07] [Server thread/INFO]: Saving chunks for level 'New World'/The End
[07:01:08] [Client thread/INFO]: Stopping!
